0 info it worked if it ends with ok
1 verbose cli [ '/Users/doin/nvm/nvm/versions/node/v5.0.0/bin/node',
1 verbose cli   '/Users/doin/nvm/nvm/versions/node/v5.0.0/lib/node_modules/tnpm/node_modules/npm/bin/npm-cli.js',
1 verbose cli   '--cache=/Users/doin/.tnpm',
1 verbose cli   '--node_sqlite3_binary_host_mirror=https://tnpm-hz.oss-cn-hangzhou.aliyuncs.com/dist/',
1 verbose cli   '--fse_binary_host_mirror=https://tnpm-hz.oss-cn-hangzhou.aliyuncs.com/dist/fsevents/',
1 verbose cli   '--no-proxy',
1 verbose cli   '--disturl=https://tnpm-hz.oss-cn-hangzhou.aliyuncs.com/dist/node',
1 verbose cli   '--userconfig=/Users/doin/.tnpmrc',
1 verbose cli   '--registry=http://registry.npm.alibaba-inc.com',
1 verbose cli   'start' ]
2 info using npm@2.15.11
3 info using node@v5.0.0
4 verbose stack Error: ENOENT: no such file or directory, open '/Users/doin/coding/github/doin.github.com/package.json'
4 verbose stack     at Error (native)
5 verbose cwd /Users/doin/coding/github/doin.github.com
6 error Darwin 14.5.0
7 error argv "/Users/doin/nvm/nvm/versions/node/v5.0.0/bin/node" "/Users/doin/nvm/nvm/versions/node/v5.0.0/lib/node_modules/tnpm/node_modules/npm/bin/npm-cli.js" "--cache=/Users/doin/.tnpm" "--node_sqlite3_binary_host_mirror=https://tnpm-hz.oss-cn-hangzhou.aliyuncs.com/dist/" "--fse_binary_host_mirror=https://tnpm-hz.oss-cn-hangzhou.aliyuncs.com/dist/fsevents/" "--no-proxy" "--disturl=https://tnpm-hz.oss-cn-hangzhou.aliyuncs.com/dist/node" "--userconfig=/Users/doin/.tnpmrc" "--registry=http://registry.npm.alibaba-inc.com" "start"
8 error node v5.0.0
9 error npm  v2.15.11
10 error path /Users/doin/coding/github/doin.github.com/package.json
11 error code ENOENT
12 error errno -2
13 error syscall open
14 error enoent ENOENT: no such file or directory, open '/Users/doin/coding/github/doin.github.com/package.json'
14 error enoent This is most likely not a problem with npm itself
14 error enoent and is related to npm not being able to find a file.
15 verbose exit [ -2, true ]
